Using pre-set license
Desktop is 1920 x 1080 @ 60 Hz

 COMMAND LINE ARGUMENTS:
Unity
-adb2
-batchMode
-noUpm
-name
AssetImportWorker0
-projectPath
/home/vasil/Unity/Projects/GruntzClone
-logFile
Logs/AssetImportWorker0.log
-srvPort
44421
Successfully changed project path to: /home/vasil/Unity/Projects/GruntzClone
/home/vasil/Unity/Projects/GruntzClone
Using Asset Import Pipeline V2.
Refreshing native plugins compatible for Editor in 46,61 ms, found 0 plugins.
Preloading 0 native plugins for Editor in 0,00 ms.
Initialize engine version: 2020.3.6f1 (338bb68529b2)
[Subsystems] Discovering subsystems at path /home/vasil/Unity/Editors/2020.3.6f1/Editor/Data/Resources/UnitySubsystems
[Subsystems] Discovering subsystems at path /home/vasil/Unity/Projects/GruntzClone/Assets
GLX Extensions: GLX_EXT_visual_info GLX_EXT_visual_rating GLX_EXT_import_context GLX_SGIX_fbconfig GLX_SGIX_pbuffer GLX_SGI_video_sync GLX_SGI_swap_control GLX_EXT_swap_control GLX_EXT_swap_control_tear GLX_EXT_texture_from_pixmap GLX_EXT_buffer_age GLX_ARB_create_context GLX_ARB_create_context_profile GLX_EXT_create_context_es_profile GLX_EXT_create_context_es2_profile GLX_ARB_create_context_no_error GLX_ARB_create_context_robustness GLX_NV_delay_before_swap GLX_EXT_stereo_tree GLX_ARB_context_flush_control GLX_NV_robustness_video_memory_purge GLX_NV_multigpu_context GLX_ARB_multisample GLX_NV_float_buffer GLX_ARB_fbconfig_float GLX_EXT_framebuffer_sRGB GLX_NV_copy_image GLX_ARB_get_proc_address 
Renderer: GeForce GTX 950M/PCIe/SSE2
Vendor:   NVIDIA Corporation
Version:  4.5.0 NVIDIA 460.73.01
GLES:     0
 GL_AMD_multi_draw_indirect GL_AMD_seamless_cubemap_per_texture GL_ARB_arrays_of_arrays GL_ARB_base_instance GL_ARB_bindless_texture GL_ARB_blend_func_extended GL_ARB_buffer_storage GL_ARB_clear_buffer_object GL_ARB_clear_texture GL_ARB_clip_control GL_ARB_color_buffer_float GL_ARB_compressed_texture_pixel_storage GL_ARB_conservative_depth GL_ARB_compute_shader GL_ARB_compute_variable_group_size GL_ARB_conditional_render_inverted GL_ARB_copy_buffer GL_ARB_copy_image GL_ARB_cull_distance GL_ARB_debug_output GL_ARB_depth_buffer_float GL_ARB_depth_clamp GL_ARB_depth_texture GL_ARB_derivative_control GL_ARB_direct_state_access GL_ARB_draw_buffers GL_ARB_draw_buffers_blend GL_ARB_draw_indirect GL_ARB_draw_elements_base_vertex GL_ARB_draw_instanced GL_ARB_enhanced_layouts GL_ARB_ES2_compatibility GL_ARB_ES3_compatibility GL_ARB_ES3_1_compatibility GL_ARB_ES3_2_compatibility GL_ARB_explicit_attrib_location GL_ARB_explicit_uniform_location GL_ARB_fragment_coord_conventions GL_ARB_fragment_layer_viewport GL_ARB_fragm
ent_program GL_ARB_fragment_program_shadow GL_ARB_fragment_shader GL_ARB_framebuffer_no_attachments GL_ARB_framebuffer_object GL_ARB_framebuffer_sRGB GL_ARB_geometry_shader4 GL_ARB_get_program_binary GL_ARB_get_texture_sub_image GL_ARB_gl_spirv GL_ARB_gpu_shader5 GL_ARB_gpu_shader_fp64 GL_ARB_gpu_shader_int64 GL_ARB_half_float_pixel GL_ARB_half_float_vertex GL_ARB_imaging GL_ARB_indirect_parameters GL_ARB_instanced_arrays GL_ARB_internalformat_query GL_ARB_internalformat_query2 GL_ARB_invalidate_subdata GL_ARB_map_buffer_alignment GL_ARB_map_buffer_range GL_ARB_multi_bind GL_ARB_multi_draw_indirect GL_ARB_multisample GL_ARB_multitexture GL_ARB_occlusion_query GL_ARB_occlusion_query2 GL_ARB_parallel_shader_compile GL_ARB_pipeline_statistics_query GL_ARB_pixel_buffer_object GL_ARB_point_parameters GL_ARB_point_sprite GL_ARB_polygon_offset_clamp GL_ARB_program_interface_query GL_ARB_provoking_vertex GL_ARB_query_buffer_object GL_ARB_robust_buffer_access_behavior GL_ARB_robustness GL_ARB_sample_shading GL_ARB_sa
mpler_objects GL_ARB_seamless_cube_map GL_ARB_seamless_cubemap_per_texture GL_ARB_separate_shader_objects GL_ARB_shader_atomic_counter_ops GL_ARB_shader_atomic_counters GL_ARB_shader_ballot GL_ARB_shader_bit_encoding GL_ARB_shader_clock GL_ARB_shader_draw_parameters GL_ARB_shader_group_vote GL_ARB_shader_image_load_store GL_ARB_shader_image_size GL_ARB_shader_objects GL_ARB_shader_precision GL_ARB_shader_storage_buffer_object GL_ARB_shader_subroutine GL_ARB_shader_texture_image_samples GL_ARB_shader_texture_lod GL_ARB_shading_language_100 GL_ARB_shading_language_420pack GL_ARB_shading_language_include GL_ARB_shading_language_packing GL_ARB_shadow GL_ARB_sparse_buffer GL_ARB_sparse_texture GL_ARB_spirv_extensions GL_ARB_stencil_texturing GL_ARB_sync GL_ARB_tessellation_shader GL_ARB_texture_barrier GL_ARB_texture_border_clamp GL_ARB_texture_buffer_object GL_ARB_texture_buffer_object_rgb32 GL_ARB_texture_buffer_range GL_ARB_texture_compression GL_ARB_texture_compression_bptc GL_ARB_texture_compression_rgtc GL_
ARB_texture_cube_map GL_ARB_texture_cube_map_array GL_ARB_texture_env_add GL_ARB_texture_env_combine GL_ARB_texture_env_crossbar GL_ARB_texture_env_dot3 GL_ARB_texture_filter_anisotropic GL_ARB_texture_float GL_ARB_texture_gather GL_ARB_texture_mirror_clamp_to_edge GL_ARB_texture_mirrored_repeat GL_ARB_texture_multisample GL_ARB_texture_non_power_of_two GL_ARB_texture_query_levels GL_ARB_texture_query_lod GL_ARB_texture_rectangle GL_ARB_texture_rg GL_ARB_texture_rgb10_a2ui GL_ARB_texture_stencil8 GL_ARB_texture_storage GL_ARB_texture_storage_multisample GL_ARB_texture_swizzle GL_ARB_texture_view GL_ARB_timer_query GL_ARB_transform_feedback2 GL_ARB_transform_feedback3 GL_ARB_transform_feedback_instanced GL_ARB_transform_feedback_overflow_query GL_ARB_transpose_matrix GL_ARB_uniform_buffer_object GL_ARB_vertex_array_bgra GL_ARB_vertex_array_object GL_ARB_vertex_attrib_64bit GL_ARB_vertex_attrib_binding GL_ARB_vertex_buffer_object GL_ARB_vertex_program GL_ARB_vertex_shader GL_ARB_vertex_type_10f_11f_11f_rev GL_
ARB_vertex_type_2_10_10_10_rev GL_ARB_viewport_array GL_ARB_window_pos GL_ATI_draw_buffers GL_ATI_texture_float GL_ATI_texture_mirror_once GL_S3_s3tc GL_EXT_texture_env_add GL_EXT_abgr GL_EXT_bgra GL_EXT_bindable_uniform GL_EXT_blend_color GL_EXT_blend_equation_separate GL_EXT_blend_func_separate GL_EXT_blend_minmax GL_EXT_blend_subtract GL_EXT_compiled_vertex_array GL_EXT_Cg_shader GL_EXT_depth_bounds_test GL_EXT_direct_state_access GL_EXT_draw_buffers2 GL_EXT_draw_instanced GL_EXT_draw_range_elements GL_EXT_fog_coord GL_EXT_framebuffer_blit GL_EXT_framebuffer_multisample GL_EXTX_framebuffer_mixed_formats GL_EXT_framebuffer_multisample_blit_scaled GL_EXT_framebuffer_object GL_EXT_framebuffer_sRGB GL_EXT_geometry_shader4 GL_EXT_gpu_program_parameters GL_EXT_gpu_shader4 GL_EXT_multi_draw_arrays GL_EXT_multiview_texture_multisample GL_EXT_multiview_timer_query GL_EXT_packed_depth_stencil GL_EXT_packed_float GL_EXT_packed_pixels GL_EXT_pixel_buffer_object GL_EXT_point_parameters GL_EXT_polygon_offset_clamp GL_E
XT_provoking_vertex GL_EXT_rescale_normal GL_EXT_secondary_color GL_EXT_separate_shader_objects GL_EXT_separate_specular_color GL_EXT_shader_image_load_formatted GL_EXT_shader_image_load_store GL_EXT_shader_integer_mix GL_EXT_shadow_funcs GL_EXT_stencil_two_side GL_EXT_stencil_wrap GL_EXT_texture3D GL_EXT_texture_array GL_EXT_texture_buffer_object GL_EXT_texture_compression_dxt1 GL_EXT_texture_compression_latc GL_EXT_texture_compression_rgtc GL_EXT_texture_compression_s3tc GL_EXT_texture_cube_map GL_EXT_texture_edge_clamp GL_EXT_texture_env_combine GL_EXT_texture_env_dot3 GL_EXT_texture_filter_anisotropic GL_EXT_texture_integer GL_EXT_texture_lod GL_EXT_texture_lod_bias GL_EXT_texture_mirror_clamp GL_EXT_texture_object GL_EXT_texture_shadow_lod GL_EXT_texture_shared_exponent GL_EXT_texture_sRGB GL_EXT_texture_sRGB_R8 GL_EXT_texture_sRGB_decode GL_EXT_texture_storage GL_EXT_texture_swizzle GL_EXT_timer_query GL_EXT_transform_feedback2 GL_EXT_vertex_array GL_EXT_vertex_array_bgra GL_EXT_vertex_attrib_64bit GL_
EXT_window_rectangles GL_EXT_x11_sync_object GL_EXT_import_sync_object GL_NV_robustness_video_memory_purge GL_IBM_rasterpos_clip GL_IBM_texture_mirrored_repeat GL_KHR_context_flush_control GL_KHR_debug GL_EXT_memory_object GL_EXT_memory_object_fd GL_KHR_parallel_shader_compile GL_KHR_no_error GL_KHR_robust_buffer_access_behavior GL_KHR_robustness GL_EXT_semaphore GL_EXT_semaphore_fd GL_NV_timeline_semaphore GL_KHR_shader_subgroup GL_KTX_buffer_region GL_NV_alpha_to_coverage_dither_control GL_NV_bindless_multi_draw_indirect GL_NV_bindless_multi_draw_indirect_count GL_NV_bindless_texture GL_NV_blend_equation_advanced GL_NV_blend_equation_advanced_coherent GL_NV_blend_minmax_factor GL_NV_blend_square GL_NV_command_list GL_NV_compute_program5 GL_NV_conditional_render GL_NV_copy_depth_to_color GL_NV_copy_image GL_NV_depth_buffer_float GL_NV_depth_clamp GL_NV_draw_texture GL_NV_draw_vulkan_image GL_NV_ES1_1_compatibility GL_NV_ES3_1_compatibility GL_NV_explicit_multisample GL_NV_feature_query GL_NV_fence GL_NV_flo
at_buffer GL_NV_fog_distance GL_NV_fragment_program GL_NV_fragment_program_option GL_NV_fragment_program2 GL_NV_framebuffer_multisample_coverage GL_NV_geometry_shader4 GL_NV_gpu_program4 GL_NV_internalformat_sample_query GL_NV_gpu_program4_1 GL_NV_gpu_program5 GL_NV_gpu_program5_mem_extended GL_NV_gpu_program_fp64 GL_NV_gpu_shader5 GL_NV_half_float GL_NV_light_max_exponent GL_NV_multisample_coverage GL_NV_multisample_filter_hint GL_NV_occlusion_query GL_NV_packed_depth_stencil GL_NV_parameter_buffer_object GL_NV_parameter_buffer_object2 GL_NV_path_rendering GL_NV_pixel_data_range GL_NV_point_sprite GL_NV_primitive_restart GL_NV_query_resource GL_NV_query_resource_tag GL_NV_register_combiners GL_NV_register_combiners2 GL_NV_shader_atomic_counters GL_NV_shader_atomic_float GL_NV_shader_atomic_int64 GL_NV_shader_buffer_load GL_NV_shader_storage_buffer_object GL_NV_shader_subgroup_partitioned GL_NV_texgen_reflection GL_NV_texture_barrier GL_NV_texture_compression_vtc GL_NV_texture_env_combine4 GL_NV_texture_mult
isample GL_NV_texture_rectangle GL_NV_texture_rectangle_compressed GL_NV_texture_shader GL_NV_texture_shader2 GL_NV_texture_shader3 GL_NV_transform_feedback GL_NV_transform_feedback2 GL_NV_uniform_buffer_unified_memory GL_NV_vdpau_interop GL_NV_vdpau_interop2 GL_NV_vertex_array_range GL_NV_vertex_array_range2 GL_NV_vertex_attrib_integer_64bit GL_NV_vertex_buffer_unified_memory GL_NV_vertex_program GL_NV_vertex_program1_1 GL_NV_vertex_program2 GL_NV_vertex_program2_option GL_NV_vertex_program3 GL_NVX_conditional_render GL_NV_gpu_multicast GL_NVX_progress_fence GL_NVX_gpu_memory_info GL_NVX_nvenc_interop GL_NV_shader_thread_group GL_NV_shader_thread_shuffle GL_KHR_blend_equation_advanced GL_KHR_blend_equation_advanced_coherent GL_OVR_multiview GL_OVR_multiview2 GL_SGIS_generate_mipmap GL_SGIS_texture_lod GL_SGIX_depth_texture GL_SGIX_shadow GL_SUN_slice_accum
OPENGL LOG: Creating OpenGL 4.5 graphics device ; Context level  <OpenGL 4.5> ; Context handle -1148366024
Initialize mono
Mono path[0] = '/home/vasil/Unity/Editors/2020.3.6f1/Editor/Data/Managed'
Mono path[1] = '/home/vasil/Unity/Editors/2020.3.6f1/Editor/Data/MonoBleedingEdge/lib/mono/unityjit'
Mono config path = '/home/vasil/Unity/Editors/2020.3.6f1/Editor/Data/MonoBleedingEdge/etc'
Using monoOptions --debugger-agent=transport=dt_socket,embedding=1,server=y,suspend=n,address=127.0.0.1:56334
Begin MonoManager ReloadAssembly
Registering precompiled unity dll's ...
Register platform support module: /home/vasil/Unity/Editors/2020.3.6f1/Editor/Data/PlaybackEngines/WebGLSupport/UnityEditor.WebGL.Extensions.dll
Register platform support module: /home/vasil/Unity/Editors/2020.3.6f1/Editor/Data/PlaybackEngines/LinuxStandaloneSupport/UnityEditor.LinuxStandalone.Extensions.dll
Registered in 0,001784 seconds.
Native extension for LinuxStandalone target not found
Native extension for WebGL target not found
Refreshing native plugins compatible for Editor in 45,02 ms, found 0 plugins.
Preloading 0 native plugins for Editor in 0,00 ms.
Mono: successfully reloaded assembly
- Completed reload, in  0,952 seconds
Platform modules already initialized, skipping
Registering precompiled user dll's ...
Registered in 0,000854 seconds.
Begin MonoManager ReloadAssembly
Native extension for LinuxStandalone target not found
Native extension for WebGL target not found
Refreshing native plugins compatible for Editor in 47,39 ms, found 0 plugins.
Preloading 0 native plugins for Editor in 0,00 ms.
Mono: successfully reloaded assembly
- Completed reload, in  0,981 seconds
Platform modules already initialized, skipping
========================================================================
Worker process is ready to serve import requests
Shader 'Universal Render Pipeline/Particles/Lit': fallback shader 'Universal Render Pipeline/Particles/SimpleLit' not found
Shader 'Universal Render Pipeline/Particles/Lit': fallback shader 'Universal Render Pipeline/Particles/SimpleLit' not found
Launched and connected shader compiler UnityShaderCompiler after 0.01 seconds
Refreshing native plugins compatible for Editor in 0,43 ms, found 0 plugins.
Preloading 0 native plugins for Editor in 0,00 ms.
Unloading 2452 Unused Serialized files (Serialized files now loaded: 0)
System memory in use before: 106,6 MB.
System memory in use after: 104,7 MB.

Unloading 45 unused Assets to reduce memory usage. Loaded Objects now: 2859.
Total: 6,082260 ms (FindLiveObjects: 0,465015 ms CreateObjectMapping: 0,166423 ms MarkObjects: 3,002265 ms  DeleteObjects: 2,446559 ms)

========================================================================
Received Import Request.
  path: Assets/Scripts/Gruntz/UserInteraction/Pipe.cs
  artifactKey: Guid(27da887db5211ea878cc9455e861f09f) Importer(815301076,1909f56bfc062723c751e8b465ee728b)
Start importing Assets/Scripts/Gruntz/UserInteraction/Pipe.cs using Guid(27da887db5211ea878cc9455e861f09f) Importer(815301076,1909f56bfc062723c751e8b465ee728b)  -> (artifact id: 'a40fd05fd1d14e00d1d874187871d05c') in 0,046305 seconds
  Import took 0,052231 seconds .

========================================================================
Received Prepare
Registering precompiled user dll's ...
Registered in 0,001550 seconds.
Begin MonoManager ReloadAssembly
Native extension for LinuxStandalone target not found
Native extension for WebGL target not found
Refreshing native plugins compatible for Editor in 0,41 ms, found 0 plugins.
Preloading 0 native plugins for Editor in 0,00 ms.
Mono: successfully reloaded assembly
- Completed reload, in  0,907 seconds
Platform modules already initialized, skipping
Shader 'Universal Render Pipeline/Particles/Lit': fallback shader 'Universal Render Pipeline/Particles/SimpleLit' not found
Shader 'Universal Render Pipeline/Particles/Lit': fallback shader 'Universal Render Pipeline/Particles/SimpleLit' not found
Refreshing native plugins compatible for Editor in 0,43 ms, found 0 plugins.
Preloading 0 native plugins for Editor in 0,00 ms.
Unloading 2378 Unused Serialized files (Serialized files now loaded: 0)
System memory in use before: 103,1 MB.
System memory in use after: 101,2 MB.

Unloading 40 unused Assets to reduce memory usage. Loaded Objects now: 2863.
Total: 4,966374 ms (FindLiveObjects: 0,353021 ms CreateObjectMapping: 0,120325 ms MarkObjects: 2,828344 ms  DeleteObjects: 1,653207 ms)

========================================================================
Received Prepare
Registering precompiled user dll's ...
Registered in 0,001053 seconds.
Begin MonoManager ReloadAssembly
Native extension for LinuxStandalone target not found
Native extension for WebGL target not found
Refreshing native plugins compatible for Editor in 0,45 ms, found 0 plugins.
Preloading 0 native plugins for Editor in 0,00 ms.
Mono: successfully reloaded assembly
- Completed reload, in  0,866 seconds
Platform modules already initialized, skipping
Shader 'Universal Render Pipeline/Particles/Lit': fallback shader 'Universal Render Pipeline/Particles/SimpleLit' not found
Shader 'Universal Render Pipeline/Particles/Lit': fallback shader 'Universal Render Pipeline/Particles/SimpleLit' not found
Refreshing native plugins compatible for Editor in 0,41 ms, found 0 plugins.
Preloading 0 native plugins for Editor in 0,00 ms.
Unloading 2378 Unused Serialized files (Serialized files now loaded: 0)
System memory in use before: 103,1 MB.
System memory in use after: 101,2 MB.

Unloading 40 unused Assets to reduce memory usage. Loaded Objects now: 2866.
Total: 5,030153 ms (FindLiveObjects: 0,353614 ms CreateObjectMapping: 0,124648 ms MarkObjects: 2,816149 ms  DeleteObjects: 1,733396 ms)

========================================================================
Received Import Request.
  Time since last request: 895,952114 seconds.
  path: Assets/Scripts/Gruntz/UserInteraction/ActorControl
  artifactKey: Guid(824aa92afd61c853c834aec09f846a2e) Importer(815301076,1909f56bfc062723c751e8b465ee728b)
Start importing Assets/Scripts/Gruntz/UserInteraction/ActorControl using Guid(824aa92afd61c853c834aec09f846a2e) Importer(815301076,1909f56bfc062723c751e8b465ee728b)  -> (artifact id: 'e470c1471609664c8de1815aff5ef0c7') in 0,004978 seconds
  Import took 0,009856 seconds .

========================================================================
Received Import Request.
  Time since last request: 4,956240 seconds.
  path: Assets/Scripts/Gruntz/UserInteraction/RunParallel.cs
  artifactKey: Guid(9e7f20eb92895b38da054ef23b53560b) Importer(815301076,1909f56bfc062723c751e8b465ee728b)
Start importing Assets/Scripts/Gruntz/UserInteraction/RunParallel.cs using Guid(9e7f20eb92895b38da054ef23b53560b) Importer(815301076,1909f56bfc062723c751e8b465ee728b)  -> (artifact id: '77bf39266b8835384fcda860f66153d5') in 0,000775 seconds
  Import took 0,005196 seconds .

========================================================================
Received Import Request.
  Time since last request: 0,001688 seconds.
  path: Assets/Scripts/Gruntz/UserInteraction/RunParallel.cs
  artifactKey: Guid(9e7f20eb92895b38da054ef23b53560b) Importer(815301076,1909f56bfc062723c751e8b465ee728b)
Start importing Assets/Scripts/Gruntz/UserInteraction/RunParallel.cs using Guid(9e7f20eb92895b38da054ef23b53560b) Importer(815301076,1909f56bfc062723c751e8b465ee728b)  -> (artifact id: '77bf39266b8835384fcda860f66153d5') in 0,000815 seconds
  Import took 0,005038 seconds .

========================================================================
Received Import Request.
  Time since last request: 9,181805 seconds.
  path: Assets/Scripts/Gruntz/UserInteraction/Brain.cs
  artifactKey: Guid(f8950c842621176f1862efc271472f2f) Importer(815301076,1909f56bfc062723c751e8b465ee728b)
Start importing Assets/Scripts/Gruntz/UserInteraction/Brain.cs using Guid(f8950c842621176f1862efc271472f2f) Importer(815301076,1909f56bfc062723c751e8b465ee728b)  -> (artifact id: 'ea73d67985f0540dec0364c2f002691c') in 0,000784 seconds
  Import took 0,005163 seconds .

========================================================================
Received Import Request.
  Time since last request: 0,000452 seconds.
  path: Assets/Scripts/Gruntz/UserInteraction/Brain.cs
  artifactKey: Guid(f8950c842621176f1862efc271472f2f) Importer(815301076,1909f56bfc062723c751e8b465ee728b)
Start importing Assets/Scripts/Gruntz/UserInteraction/Brain.cs using Guid(f8950c842621176f1862efc271472f2f) Importer(815301076,1909f56bfc062723c751e8b465ee728b)  -> (artifact id: 'ea73d67985f0540dec0364c2f002691c') in 0,000798 seconds
  Import took 0,004953 seconds .

========================================================================
Received Import Request.
  Time since last request: 10,836132 seconds.
  path: Assets/Scripts/Gruntz/UserInteraction/RunParallel1.cs
  artifactKey: Guid(b3768cc45d168fafebe4fc66df2f04e4) Importer(815301076,1909f56bfc062723c751e8b465ee728b)
Start importing Assets/Scripts/Gruntz/UserInteraction/RunParallel1.cs using Guid(b3768cc45d168fafebe4fc66df2f04e4) Importer(815301076,1909f56bfc062723c751e8b465ee728b)  -> (artifact id: '4fddb9c5538362ab4995edec605266bb') in 0,001394 seconds
  Import took 0,006006 seconds .

========================================================================
Received Import Request.
  Time since last request: 59,195290 seconds.
  path: Assets/Scripts/Gruntz/UserInteraction/ActorControl/PointerCast.cs
  artifactKey: Guid(b3768cc45d168fafebe4fc66df2f04e4) Importer(815301076,1909f56bfc062723c751e8b465ee728b)
Start importing Assets/Scripts/Gruntz/UserInteraction/ActorControl/PointerCast.cs using Guid(b3768cc45d168fafebe4fc66df2f04e4) Importer(815301076,1909f56bfc062723c751e8b465ee728b)  -> (artifact id: '20c181a87c702212406755fcdc8ff0fe') in 0,000800 seconds
  Import took 0,005253 seconds .

========================================================================
Received Import Request.
  Time since last request: 87,336882 seconds.
  path: Assets/Scripts/Gruntz/UserInteraction/ActorControl/PointerCast.cs
  artifactKey: Guid(b3768cc45d168fafebe4fc66df2f04e4) Importer(815301076,1909f56bfc062723c751e8b465ee728b)
Start importing Assets/Scripts/Gruntz/UserInteraction/ActorControl/PointerCast.cs using Guid(b3768cc45d168fafebe4fc66df2f04e4) Importer(815301076,1909f56bfc062723c751e8b465ee728b)  -> (artifact id: '788cccb1fbb4d5e687ce86337ff759d5') in 0,000956 seconds
  Import took 0,007209 seconds .

========================================================================
Received Prepare
Registering precompiled user dll's ...
Registered in 0,001011 seconds.
Begin MonoManager ReloadAssembly
Native extension for LinuxStandalone target not found
Native extension for WebGL target not found
Refreshing native plugins compatible for Editor in 0,42 ms, found 0 plugins.
Preloading 0 native plugins for Editor in 0,00 ms.
Mono: successfully reloaded assembly
- Completed reload, in  0,909 seconds
Platform modules already initialized, skipping
Shader 'Universal Render Pipeline/Particles/Lit': fallback shader 'Universal Render Pipeline/Particles/SimpleLit' not found
Shader 'Universal Render Pipeline/Particles/Lit': fallback shader 'Universal Render Pipeline/Particles/SimpleLit' not found
Refreshing native plugins compatible for Editor in 0,41 ms, found 0 plugins.
Preloading 0 native plugins for Editor in 0,00 ms.
Unloading 2379 Unused Serialized files (Serialized files now loaded: 0)
System memory in use before: 103,2 MB.
System memory in use after: 101,3 MB.

Unloading 40 unused Assets to reduce memory usage. Loaded Objects now: 2870.
Total: 6,238532 ms (FindLiveObjects: 0,480928 ms CreateObjectMapping: 0,297312 ms MarkObjects: 3,418239 ms  DeleteObjects: 2,040323 ms)

========================================================================
Received Import Request.
  Time since last request: 102,139189 seconds.
  path: Assets/Scripts/Gruntz/UserInteraction/ActorControl/PointerCast.cs
  artifactKey: Guid(b3768cc45d168fafebe4fc66df2f04e4) Importer(815301076,1909f56bfc062723c751e8b465ee728b)
Start importing Assets/Scripts/Gruntz/UserInteraction/ActorControl/PointerCast.cs using Guid(b3768cc45d168fafebe4fc66df2f04e4) Importer(815301076,1909f56bfc062723c751e8b465ee728b)  -> (artifact id: 'a42af3ae63679249a1d959eb26984322') in 0,006112 seconds
  Import took 0,012132 seconds .

========================================================================
Received Import Request.
  Time since last request: 93,487140 seconds.
  path: Assets/Scenes/PuzzleLevel.unity
  artifactKey: Guid(4e01298f31b23a03bbef4010f780fd99) Importer(815301076,1909f56bfc062723c751e8b465ee728b)
Start importing Assets/Scenes/PuzzleLevel.unity using Guid(4e01298f31b23a03bbef4010f780fd99) Importer(815301076,1909f56bfc062723c751e8b465ee728b)  -> (artifact id: '2fb4b679c683985d74725a8e8452a569') in 0,007641 seconds
  Import took 0,012502 seconds .

========================================================================
Received Import Request.
  Time since last request: 2,544100 seconds.
  path: Assets/Scenes/PuzzleLevel 1.unity
  artifactKey: Guid(7ff893f06a3aba419a99d4e2d4354ea4) Importer(815301076,1909f56bfc062723c751e8b465ee728b)
Start importing Assets/Scenes/PuzzleLevel 1.unity using Guid(7ff893f06a3aba419a99d4e2d4354ea4) Importer(815301076,1909f56bfc062723c751e8b465ee728b)  -> (artifact id: 'fd21c5da0ffb68ea7d6aff42b189d31e') in 0,001713 seconds
  Import took 0,006699 seconds .

========================================================================
Received Import Request.
  Time since last request: 8,221298 seconds.
  path: Assets/Scenes/PuzzleLevelUI.unity
  artifactKey: Guid(7ff893f06a3aba419a99d4e2d4354ea4) Importer(815301076,1909f56bfc062723c751e8b465ee728b)
Start importing Assets/Scenes/PuzzleLevelUI.unity using Guid(7ff893f06a3aba419a99d4e2d4354ea4) Importer(815301076,1909f56bfc062723c751e8b465ee728b)  -> (artifact id: '2748cffabb2153461c5c2b3ae07da67b') in 0,001156 seconds
  Import took 0,005668 seconds .

========================================================================
Received Prepare
Registering precompiled user dll's ...
Registered in 0,001114 seconds.
Begin MonoManager ReloadAssembly
Native extension for LinuxStandalone target not found
Native extension for WebGL target not found
Refreshing native plugins compatible for Editor in 0,69 ms, found 0 plugins.
Preloading 0 native plugins for Editor in 0,00 ms.
Mono: successfully reloaded assembly
- Completed reload, in  0,914 seconds
Platform modules already initialized, skipping
Shader 'Universal Render Pipeline/Particles/Lit': fallback shader 'Universal Render Pipeline/Particles/SimpleLit' not found
Shader 'Universal Render Pipeline/Particles/Lit': fallback shader 'Universal Render Pipeline/Particles/SimpleLit' not found
Refreshing native plugins compatible for Editor in 0,42 ms, found 0 plugins.
Preloading 0 native plugins for Editor in 0,00 ms.
Unloading 2380 Unused Serialized files (Serialized files now loaded: 0)
System memory in use before: 103,2 MB.
System memory in use after: 101,3 MB.

Unloading 40 unused Assets to reduce memory usage. Loaded Objects now: 2874.
Total: 5,001198 ms (FindLiveObjects: 0,336199 ms CreateObjectMapping: 0,190632 ms MarkObjects: 2,729551 ms  DeleteObjects: 1,742778 ms)

========================================================================
Received Import Request.
  Time since last request: 480,994086 seconds.
  path: Assets/Data/Tags/LevelLoadedOrderTagDef 1.asset
  artifactKey: Guid(10c8bc65ce9f6a63695a044f6e35163a) Importer(815301076,1909f56bfc062723c751e8b465ee728b)
Start importing Assets/Data/Tags/LevelLoadedOrderTagDef 1.asset using Guid(10c8bc65ce9f6a63695a044f6e35163a) Importer(815301076,1909f56bfc062723c751e8b465ee728b)  -> (artifact id: '54e3a59292468f811484f5c281147e26') in 0,012814 seconds
  Import took 0,017471 seconds .

========================================================================
Received Import Request.
  Time since last request: 11,545295 seconds.
  path: Assets/Data/Tags/UserInteractionOrderTagDef.asset
  artifactKey: Guid(10c8bc65ce9f6a63695a044f6e35163a) Importer(815301076,1909f56bfc062723c751e8b465ee728b)
Start importing Assets/Data/Tags/UserInteractionOrderTagDef.asset using Guid(10c8bc65ce9f6a63695a044f6e35163a) Importer(815301076,1909f56bfc062723c751e8b465ee728b)  -> (artifact id: '2edf76b166074d275271c45c16a4ac95') in 0,001145 seconds
  Import took 0,005764 seconds .

========================================================================
Received Import Request.
  Time since last request: 73,843392 seconds.
  path: Assets/Data/NavigationDef 1.asset
  artifactKey: Guid(76b95885b7733280db57d6de83429eb9) Importer(815301076,1909f56bfc062723c751e8b465ee728b)
Start importing Assets/Data/NavigationDef 1.asset using Guid(76b95885b7733280db57d6de83429eb9) Importer(815301076,1909f56bfc062723c751e8b465ee728b)  -> (artifact id: 'bb2da134b4acb2f9daf8afaba72d75a8') in 0,002180 seconds
  Import took 0,007046 seconds .

========================================================================
Received Import Request.
  Time since last request: 5,209984 seconds.
  path: Assets/Data/BrainDef.asset
  artifactKey: Guid(76b95885b7733280db57d6de83429eb9) Importer(815301076,1909f56bfc062723c751e8b465ee728b)
Start importing Assets/Data/BrainDef.asset using Guid(76b95885b7733280db57d6de83429eb9) Importer(815301076,1909f56bfc062723c751e8b465ee728b)  -> (artifact id: 'dd3d82d023bee26ae4674aa719084122') in 0,001197 seconds
  Import took 0,005674 seconds .

========================================================================
Received Import Request.
  Time since last request: 15,177337 seconds.
  path: Assets/Data/BrainDef.asset
  artifactKey: Guid(76b95885b7733280db57d6de83429eb9) Importer(815301076,1909f56bfc062723c751e8b465ee728b)
Start importing Assets/Data/BrainDef.asset using Guid(76b95885b7733280db57d6de83429eb9) Importer(815301076,1909f56bfc062723c751e8b465ee728b)  -> (artifact id: 'db8a243ed7f9c1a52d05a4bc517ed407') in 0,002581 seconds
  Import took 0,008589 seconds .

========================================================================
Received Prepare
Registering precompiled user dll's ...
Registered in 0,000985 seconds.
Begin MonoManager ReloadAssembly
Native extension for LinuxStandalone target not found
Native extension for WebGL target not found
Refreshing native plugins compatible for Editor in 0,47 ms, found 0 plugins.
Preloading 0 native plugins for Editor in 0,00 ms.
Mono: successfully reloaded assembly
- Completed reload, in  0,877 seconds
Platform modules already initialized, skipping
Shader 'Universal Render Pipeline/Particles/Lit': fallback shader 'Universal Render Pipeline/Particles/SimpleLit' not found
Shader 'Universal Render Pipeline/Particles/Lit': fallback shader 'Universal Render Pipeline/Particles/SimpleLit' not found
Refreshing native plugins compatible for Editor in 0,41 ms, found 0 plugins.
Preloading 0 native plugins for Editor in 0,00 ms.
Unloading 2380 Unused Serialized files (Serialized files now loaded: 0)
System memory in use before: 103,1 MB.
System memory in use after: 101,2 MB.

Unloading 40 unused Assets to reduce memory usage. Loaded Objects now: 2877.
Total: 4,787631 ms (FindLiveObjects: 0,295692 ms CreateObjectMapping: 0,129778 ms MarkObjects: 2,636339 ms  DeleteObjects: 1,724481 ms)

========================================================================
Received Prepare
Registering precompiled user dll's ...
Registered in 0,001003 seconds.
Begin MonoManager ReloadAssembly
Native extension for LinuxStandalone target not found
Native extension for WebGL target not found
Refreshing native plugins compatible for Editor in 0,43 ms, found 0 plugins.
Preloading 0 native plugins for Editor in 0,00 ms.
Mono: successfully reloaded assembly
- Completed reload, in  0,873 seconds
Platform modules already initialized, skipping
Shader 'Universal Render Pipeline/Particles/Lit': fallback shader 'Universal Render Pipeline/Particles/SimpleLit' not found
Shader 'Universal Render Pipeline/Particles/Lit': fallback shader 'Universal Render Pipeline/Particles/SimpleLit' not found
Refreshing native plugins compatible for Editor in 0,44 ms, found 0 plugins.
Preloading 0 native plugins for Editor in 0,00 ms.
Unloading 2380 Unused Serialized files (Serialized files now loaded: 0)
System memory in use before: 103,2 MB.
System memory in use after: 101,3 MB.

Unloading 40 unused Assets to reduce memory usage. Loaded Objects now: 2880.
Total: 4,908956 ms (FindLiveObjects: 0,338901 ms CreateObjectMapping: 0,121957 ms MarkObjects: 2,664064 ms  DeleteObjects: 1,782059 ms)

========================================================================
Received Prepare
Registering precompiled user dll's ...
Registered in 0,001007 seconds.
Begin MonoManager ReloadAssembly
Native extension for LinuxStandalone target not found
Native extension for WebGL target not found
Refreshing native plugins compatible for Editor in 0,45 ms, found 0 plugins.
Preloading 0 native plugins for Editor in 0,00 ms.
Mono: successfully reloaded assembly
- Completed reload, in  0,891 seconds
Platform modules already initialized, skipping
Shader 'Universal Render Pipeline/Particles/Lit': fallback shader 'Universal Render Pipeline/Particles/SimpleLit' not found
Shader 'Universal Render Pipeline/Particles/Lit': fallback shader 'Universal Render Pipeline/Particles/SimpleLit' not found
Refreshing native plugins compatible for Editor in 0,40 ms, found 0 plugins.
Preloading 0 native plugins for Editor in 0,00 ms.
Unloading 2380 Unused Serialized files (Serialized files now loaded: 0)
System memory in use before: 103,2 MB.
System memory in use after: 101,3 MB.

Unloading 40 unused Assets to reduce memory usage. Loaded Objects now: 2883.
Total: 5,801763 ms (FindLiveObjects: 0,288698 ms CreateObjectMapping: 0,124675 ms MarkObjects: 3,235493 ms  DeleteObjects: 2,151312 ms)

========================================================================
Received Prepare
Registering precompiled user dll's ...
Registered in 0,001227 seconds.
Begin MonoManager ReloadAssembly
Native extension for LinuxStandalone target not found
Native extension for WebGL target not found
Refreshing native plugins compatible for Editor in 0,45 ms, found 0 plugins.
Preloading 0 native plugins for Editor in 0,00 ms.
Mono: successfully reloaded assembly
- Completed reload, in  1,198 seconds
Platform modules already initialized, skipping
Shader 'Universal Render Pipeline/Particles/Lit': fallback shader 'Universal Render Pipeline/Particles/SimpleLit' not found
Shader 'Universal Render Pipeline/Particles/Lit': fallback shader 'Universal Render Pipeline/Particles/SimpleLit' not found
Refreshing native plugins compatible for Editor in 0,43 ms, found 0 plugins.
Preloading 0 native plugins for Editor in 0,00 ms.
Unloading 2380 Unused Serialized files (Serialized files now loaded: 0)
System memory in use before: 103,2 MB.
System memory in use after: 101,3 MB.

Unloading 40 unused Assets to reduce memory usage. Loaded Objects now: 2886.
Total: 4,736028 ms (FindLiveObjects: 0,322938 ms CreateObjectMapping: 0,099513 ms MarkObjects: 2,460647 ms  DeleteObjects: 1,851490 ms)

========================================================================
Received Prepare
Registering precompiled user dll's ...
Registered in 0,001052 seconds.
Begin MonoManager ReloadAssembly
Native extension for LinuxStandalone target not found
Native extension for WebGL target not found
Refreshing native plugins compatible for Editor in 0,42 ms, found 0 plugins.
Preloading 0 native plugins for Editor in 0,00 ms.
Mono: successfully reloaded assembly
- Completed reload, in  0,868 seconds
Platform modules already initialized, skipping
Shader 'Universal Render Pipeline/Particles/Lit': fallback shader 'Universal Render Pipeline/Particles/SimpleLit' not found
Shader 'Universal Render Pipeline/Particles/Lit': fallback shader 'Universal Render Pipeline/Particles/SimpleLit' not found
Refreshing native plugins compatible for Editor in 0,42 ms, found 0 plugins.
Preloading 0 native plugins for Editor in 0,00 ms.
Unloading 2380 Unused Serialized files (Serialized files now loaded: 0)
System memory in use before: 103,2 MB.
System memory in use after: 101,4 MB.

Unloading 40 unused Assets to reduce memory usage. Loaded Objects now: 2889.
Total: 5,850384 ms (FindLiveObjects: 0,377624 ms CreateObjectMapping: 0,172018 ms MarkObjects: 3,143886 ms  DeleteObjects: 2,155212 ms)

========================================================================
Received Prepare
Registering precompiled user dll's ...
Registered in 0,001044 seconds.
Begin MonoManager ReloadAssembly
Native extension for LinuxStandalone target not found
Native extension for WebGL target not found
Refreshing native plugins compatible for Editor in 0,43 ms, found 0 plugins.
Preloading 0 native plugins for Editor in 0,00 ms.
Mono: successfully reloaded assembly
- Completed reload, in  0,901 seconds
Platform modules already initialized, skipping
Shader 'Universal Render Pipeline/Particles/Lit': fallback shader 'Universal Render Pipeline/Particles/SimpleLit' not found
Shader 'Universal Render Pipeline/Particles/Lit': fallback shader 'Universal Render Pipeline/Particles/SimpleLit' not found
Refreshing native plugins compatible for Editor in 0,42 ms, found 0 plugins.
Preloading 0 native plugins for Editor in 0,00 ms.
Unloading 2384 Unused Serialized files (Serialized files now loaded: 0)
System memory in use before: 103,2 MB.
System memory in use after: 101,4 MB.

Unloading 40 unused Assets to reduce memory usage. Loaded Objects now: 2896.
Total: 6,748867 ms (FindLiveObjects: 0,372847 ms CreateObjectMapping: 0,236383 ms MarkObjects: 3,482028 ms  DeleteObjects: 2,656165 ms)

========================================================================
Received Import Request.
  Time since last request: 2405,212728 seconds.
  path: Assets/Scripts/Base/MessagesSystem
  artifactKey: Guid(a07efe55e035eecb3a906764c385e443) Importer(815301076,1909f56bfc062723c751e8b465ee728b)
Start importing Assets/Scripts/Base/MessagesSystem using Guid(a07efe55e035eecb3a906764c385e443) Importer(815301076,1909f56bfc062723c751e8b465ee728b)  -> (artifact id: '7932ea34933aabf6991fe8698957e04a') in 0,005157 seconds
  Import took 0,010067 seconds .

========================================================================
Received Import Request.
  Time since last request: 3,016432 seconds.
  path: Assets/Scripts/Base/MessagesBoxTagDef.cs
  artifactKey: Guid(ad6f78d2dd086b5b19a9c05da3cb620d) Importer(815301076,1909f56bfc062723c751e8b465ee728b)
Start importing Assets/Scripts/Base/MessagesBoxTagDef.cs using Guid(ad6f78d2dd086b5b19a9c05da3cb620d) Importer(815301076,1909f56bfc062723c751e8b465ee728b)  -> (artifact id: 'e09e31a5ecefb774cef9369da282b3d5') in 0,000822 seconds
  Import took 0,005609 seconds .

========================================================================
Received Prepare
Registering precompiled user dll's ...
Registered in 0,001013 seconds.
Begin MonoManager ReloadAssembly
Native extension for LinuxStandalone target not found
Native extension for WebGL target not found
Refreshing native plugins compatible for Editor in 0,49 ms, found 0 plugins.
Preloading 0 native plugins for Editor in 0,00 ms.
Mono: successfully reloaded assembly
- Completed reload, in  0,913 seconds
Platform modules already initialized, skipping
Shader 'Universal Render Pipeline/Particles/Lit': fallback shader 'Universal Render Pipeline/Particles/SimpleLit' not found
Shader 'Universal Render Pipeline/Particles/Lit': fallback shader 'Universal Render Pipeline/Particles/SimpleLit' not found
Refreshing native plugins compatible for Editor in 0,42 ms, found 0 plugins.
Preloading 0 native plugins for Editor in 0,00 ms.
Unloading 2384 Unused Serialized files (Serialized files now loaded: 0)
System memory in use before: 103,3 MB.
System memory in use after: 101,5 MB.

Unloading 40 unused Assets to reduce memory usage. Loaded Objects now: 2899.
Total: 5,783272 ms (FindLiveObjects: 0,352961 ms CreateObjectMapping: 0,121844 ms MarkObjects: 3,185582 ms  DeleteObjects: 2,120720 ms)

========================================================================
Received Import Request.
  Time since last request: 363,521922 seconds.
  path: Assets/Data/BrainDef 1.asset
  artifactKey: Guid(32d63252e93ebcf48b5b1057445a9c8b) Importer(815301076,1909f56bfc062723c751e8b465ee728b)
Start importing Assets/Data/BrainDef 1.asset using Guid(32d63252e93ebcf48b5b1057445a9c8b) Importer(815301076,1909f56bfc062723c751e8b465ee728b)  -> (artifact id: '844fafa6c81f2ac0105716501d6beffd') in 0,013079 seconds
  Import took 0,018193 seconds .

========================================================================
Received Import Request.
  Time since last request: 12,703015 seconds.
  path: Assets/Data/MessagesSystemDef.asset
  artifactKey: Guid(32d63252e93ebcf48b5b1057445a9c8b) Importer(815301076,1909f56bfc062723c751e8b465ee728b)
Start importing Assets/Data/MessagesSystemDef.asset using Guid(32d63252e93ebcf48b5b1057445a9c8b) Importer(815301076,1909f56bfc062723c751e8b465ee728b)  -> (artifact id: 'c3bd804e667747ea4c22dc7e249e60e3') in 0,001223 seconds
  Import took 0,005849 seconds .

========================================================================
Received Import Request.
  Time since last request: 30,314945 seconds.
  path: Assets/Data/MessagesSystemDef.asset
  artifactKey: Guid(32d63252e93ebcf48b5b1057445a9c8b) Importer(815301076,1909f56bfc062723c751e8b465ee728b)
Start importing Assets/Data/MessagesSystemDef.asset using Guid(32d63252e93ebcf48b5b1057445a9c8b) Importer(815301076,1909f56bfc062723c751e8b465ee728b)  -> (artifact id: '4f6aa80419ad4644b9e0f51f0991614a') in 0,001812 seconds
  Import took 0,006241 seconds .

========================================================================
Received Import Request.
  Time since last request: 19,747968 seconds.
  path: Assets/Data/Tags/UserInteractionOrderTagDef.asset
  artifactKey: Guid(10c8bc65ce9f6a63695a044f6e35163a) Importer(815301076,1909f56bfc062723c751e8b465ee728b)
Start importing Assets/Data/Tags/UserInteractionOrderTagDef.asset using Guid(10c8bc65ce9f6a63695a044f6e35163a) Importer(815301076,1909f56bfc062723c751e8b465ee728b)  -> (artifact id: '517b715a161cf4858990714ff6235753') in 0,001417 seconds
  Import took 0,006020 seconds .

========================================================================
Received Import Request.
  Time since last request: 5,629715 seconds.
  path: Assets/Data/Tags/UserInteractionOrderTagDef 1.asset
  artifactKey: Guid(07a5939de009cb492ae5eb1c606c08ab) Importer(815301076,1909f56bfc062723c751e8b465ee728b)
Start importing Assets/Data/Tags/UserInteractionOrderTagDef 1.asset using Guid(07a5939de009cb492ae5eb1c606c08ab) Importer(815301076,1909f56bfc062723c751e8b465ee728b)  -> (artifact id: '291789bbcc8465609fd3038b8564672a') in 0,003090 seconds
  Import took 0,009335 seconds .

========================================================================
Received Import Request.
  Time since last request: 19,488537 seconds.
  path: Assets/Data/Tags/MessagesSystemOrderTagDef.asset
  artifactKey: Guid(07a5939de009cb492ae5eb1c606c08ab) Importer(815301076,1909f56bfc062723c751e8b465ee728b)
Start importing Assets/Data/Tags/MessagesSystemOrderTagDef.asset using Guid(07a5939de009cb492ae5eb1c606c08ab) Importer(815301076,1909f56bfc062723c751e8b465ee728b)  -> (artifact id: 'a74b13d1069e5fcba5c068820e7c4ef1') in 0,001727 seconds
  Import took 0,007721 seconds .

========================================================================
Received Import Request.
  Time since last request: 18,638075 seconds.
  path: Assets/Data/Tags/MessagesSystemOrderTagDef.asset
  artifactKey: Guid(07a5939de009cb492ae5eb1c606c08ab) Importer(815301076,1909f56bfc062723c751e8b465ee728b)
Start importing Assets/Data/Tags/MessagesSystemOrderTagDef.asset using Guid(07a5939de009cb492ae5eb1c606c08ab) Importer(815301076,1909f56bfc062723c751e8b465ee728b)  -> (artifact id: '2a70bf58f0e50846721c06caa69cac8b') in 0,001836 seconds
  Import took 0,006317 seconds .

========================================================================
Received Import Request.
  Time since last request: 119,962540 seconds.
  path: Assets/Data/NavigationDef 1.asset
  artifactKey: Guid(d41060e2515a58b87afb171318b9611a) Importer(815301076,1909f56bfc062723c751e8b465ee728b)
Start importing Assets/Data/NavigationDef 1.asset using Guid(d41060e2515a58b87afb171318b9611a) Importer(815301076,1909f56bfc062723c751e8b465ee728b)  -> (artifact id: '72237bc63d35a67ebf73f886e2cb0138') in 0,002141 seconds
  Import took 0,006767 seconds .

========================================================================
Received Import Request.
  Time since last request: 25,493059 seconds.
  path: Assets/Data/PointedObjectsTagDef.asset
  artifactKey: Guid(d41060e2515a58b87afb171318b9611a) Importer(815301076,1909f56bfc062723c751e8b465ee728b)
Start importing Assets/Data/PointedObjectsTagDef.asset using Guid(d41060e2515a58b87afb171318b9611a) Importer(815301076,1909f56bfc062723c751e8b465ee728b)  -> (artifact id: '0c1596ed85c6e4e1abea66852032e8c8') in 0,001210 seconds
  Import took 0,005874 seconds .

========================================================================
Received Import Request.
  Time since last request: 25,526465 seconds.
  path: Assets/Data/PointedObjectsTagDef.asset
  artifactKey: Guid(d41060e2515a58b87afb171318b9611a) Importer(815301076,1909f56bfc062723c751e8b465ee728b)
Start importing Assets/Data/PointedObjectsTagDef.asset using Guid(d41060e2515a58b87afb171318b9611a) Importer(815301076,1909f56bfc062723c751e8b465ee728b)  -> (artifact id: '801d5ce6972ea0f85b3defa56306607f') in 0,001877 seconds
  Import took 0,006339 seconds .

========================================================================
Received Import Request.
  Time since last request: 6,835070 seconds.
  path: Assets/Scenes/PuzzleLevelUI.unity
  artifactKey: Guid(7ff893f06a3aba419a99d4e2d4354ea4) Importer(815301076,1909f56bfc062723c751e8b465ee728b)
Start importing Assets/Scenes/PuzzleLevelUI.unity using Guid(7ff893f06a3aba419a99d4e2d4354ea4) Importer(815301076,1909f56bfc062723c751e8b465ee728b)  -> (artifact id: 'c7bf67547073e044067938c3a98e0063') in 0,001092 seconds
  Import took 0,005765 seconds .

========================================================================
Received Import Request.
  Time since last request: 19,573209 seconds.
  path: Assets/Scenes/BootScene.unity
  artifactKey: Guid(fa94d31f9f5b12d98b0fa8d6d6b2918e) Importer(815301076,1909f56bfc062723c751e8b465ee728b)
Start importing Assets/Scenes/BootScene.unity using Guid(fa94d31f9f5b12d98b0fa8d6d6b2918e) Importer(815301076,1909f56bfc062723c751e8b465ee728b)  -> (artifact id: '7d366e4e1a4b4f37c2bd1a708d9f7b9d') in 0,001056 seconds
  Import took 0,005977 seconds .

========================================================================
Received Prepare
Registering precompiled user dll's ...
Registered in 0,001106 seconds.
Begin MonoManager ReloadAssembly
Native extension for LinuxStandalone target not found
Native extension for WebGL target not found
Refreshing native plugins compatible for Editor in 0,48 ms, found 0 plugins.
Preloading 0 native plugins for Editor in 0,00 ms.
Mono: successfully reloaded assembly
- Completed reload, in  0,981 seconds
Platform modules already initialized, skipping
Shader 'Universal Render Pipeline/Particles/Lit': fallback shader 'Universal Render Pipeline/Particles/SimpleLit' not found
Shader 'Universal Render Pipeline/Particles/Lit': fallback shader 'Universal Render Pipeline/Particles/SimpleLit' not found
Refreshing native plugins compatible for Editor in 0,41 ms, found 0 plugins.
Preloading 0 native plugins for Editor in 0,00 ms.
Unloading 2384 Unused Serialized files (Serialized files now loaded: 0)
System memory in use before: 103,4 MB.
System memory in use after: 101,5 MB.

Unloading 40 unused Assets to reduce memory usage. Loaded Objects now: 2902.
Total: 5,724245 ms (FindLiveObjects: 0,387467 ms CreateObjectMapping: 0,232483 ms MarkObjects: 3,085729 ms  DeleteObjects: 2,016773 ms)

========================================================================
Received Prepare
Registering precompiled user dll's ...
Registered in 0,000993 seconds.
Begin MonoManager ReloadAssembly
Native extension for LinuxStandalone target not found
Native extension for WebGL target not found
Refreshing native plugins compatible for Editor in 0,43 ms, found 0 plugins.
Preloading 0 native plugins for Editor in 0,00 ms.
Mono: successfully reloaded assembly
- Completed reload, in  0,949 seconds
Platform modules already initialized, skipping
Shader 'Universal Render Pipeline/Particles/Lit': fallback shader 'Universal Render Pipeline/Particles/SimpleLit' not found
Shader 'Universal Render Pipeline/Particles/Lit': fallback shader 'Universal Render Pipeline/Particles/SimpleLit' not found
Refreshing native plugins compatible for Editor in 0,47 ms, found 0 plugins.
Preloading 0 native plugins for Editor in 0,00 ms.
Unloading 2384 Unused Serialized files (Serialized files now loaded: 0)
System memory in use before: 103,4 MB.
System memory in use after: 101,5 MB.

Unloading 40 unused Assets to reduce memory usage. Loaded Objects now: 2905.
Total: 5,661344 ms (FindLiveObjects: 0,366959 ms CreateObjectMapping: 0,242993 ms MarkObjects: 3,075204 ms  DeleteObjects: 1,974817 ms)

========================================================================
Received Prepare
Registering precompiled user dll's ...
Registered in 0,001008 seconds.
Begin MonoManager ReloadAssembly
Native extension for LinuxStandalone target not found
Native extension for WebGL target not found
Refreshing native plugins compatible for Editor in 0,54 ms, found 0 plugins.
Preloading 0 native plugins for Editor in 0,00 ms.
Mono: successfully reloaded assembly
- Completed reload, in  0,932 seconds
Platform modules already initialized, skipping
Shader 'Universal Render Pipeline/Particles/Lit': fallback shader 'Universal Render Pipeline/Particles/SimpleLit' not found
Shader 'Universal Render Pipeline/Particles/Lit': fallback shader 'Universal Render Pipeline/Particles/SimpleLit' not found
Refreshing native plugins compatible for Editor in 0,48 ms, found 0 plugins.
Preloading 0 native plugins for Editor in 0,00 ms.
Unloading 2384 Unused Serialized files (Serialized files now loaded: 0)
System memory in use before: 103,4 MB.
System memory in use after: 101,5 MB.

Unloading 40 unused Assets to reduce memory usage. Loaded Objects now: 2908.
Total: 5,668433 ms (FindLiveObjects: 0,356116 ms CreateObjectMapping: 0,242788 ms MarkObjects: 3,171866 ms  DeleteObjects: 1,896111 ms)

========================================================================
Received Prepare
Registering precompiled user dll's ...
Registered in 0,001059 seconds.
Begin MonoManager ReloadAssembly
Native extension for LinuxStandalone target not found
Native extension for WebGL target not found
Refreshing native plugins compatible for Editor in 0,40 ms, found 0 plugins.
Preloading 0 native plugins for Editor in 0,00 ms.
Mono: successfully reloaded assembly
- Completed reload, in  0,891 seconds
Platform modules already initialized, skipping
Shader 'Universal Render Pipeline/Particles/Lit': fallback shader 'Universal Render Pipeline/Particles/SimpleLit' not found
Shader 'Universal Render Pipeline/Particles/Lit': fallback shader 'Universal Render Pipeline/Particles/SimpleLit' not found
Refreshing native plugins compatible for Editor in 0,41 ms, found 0 plugins.
Preloading 0 native plugins for Editor in 0,00 ms.
Unloading 2384 Unused Serialized files (Serialized files now loaded: 0)
System memory in use before: 103,3 MB.
System memory in use after: 101,4 MB.

Unloading 40 unused Assets to reduce memory usage. Loaded Objects now: 2911.
Total: 4,733623 ms (FindLiveObjects: 0,299057 ms CreateObjectMapping: 0,128174 ms MarkObjects: 2,492803 ms  DeleteObjects: 1,812328 ms)

AssetImportWorkerClient::OnTransportError - code=2 error=End of file
